<?xml version="1.0" encoding="UTF-8"?>
<testsuite name="com.interfaces.NoteControllerUT" tests="1" skipped="0" failures="1" errors="0" timestamp="2022-02-23T16:47:21" hostname="aleksandras-macbook-pro.home" time="0.688">
  <properties/>
  <testcase name="Should return status 201 CREATED when adding new note" classname="com.interfaces.NoteControllerUT" time="0.688">
    <failure message="Condition failed with Exception:&#10;&#10;mockMvc.perform(post(&quot;/notes&quot;) .contentType(MediaType.APPLICATION_JSON) .content(requestBody))&#10;|       |       |               |           |         |                  |       |&#10;|       |       |               |           |         application/json   |       {&#10;|       |       |               |           |                            |                                                   &quot;content&quot;: &quot;test-content&quot;&#10;|       |       |               |           |                            |                                               }&#10;|       |       |               |           |                            &lt;org.springframework.test.web.servlet.request.MockHttpServletRequestBuilder@4720501a method=POST url=/notes contextPath= servletPath= pathInfo=/notes secure=null principal=null session=null characterEncoding=null content=[123, 10, 32, 32, 32, 32, 32, 32, 32, 32, 32, 32, 32, 32, 32, 32, 32, 32, 32, 32, 32, 32, 32, 32, 32, 32, 32, 32, 32, 32, 32, 32, 32, 32, 32, 32, 32, 32, 32, 32, 32, 32, 32, 32, 32, 32, 34, 99, 111, 110, 116, 101, 110, 116, 34, 58, 32, 34, 116, 101, 115, 116, 45, 99, 111, 110, 116, 101, 110, 116, 34, 10, 32, 32, 32, 32, 32, 32, 32, 32, 32, 32, 32, 32, 32, 32, 32, 32, 32, 32, 32, 32, 32, 32, 32, 32, 32, 32, 32, 32, 32, 32, 32, 32, 32, 32, 32, 32, 32, 32, 32, 32, 125] contentType=application/json headers=[:] parameters=[:] queryParams=[:] cookies=[] locales=[] requestAttributes=[:] sessionAttributes=[:] flashAttributes=[:] postProcessors=[org.springframework.security.test.web.servlet.request.SecurityMockMvcRequestPostProcessors$TestSecurityContextHolderPostProcessor@7b41d238]&gt;&#10;|       |       |               |           class org.springframework.http.MediaType&#10;|       |       |               &lt;org.springframework.test.web.servlet.request.MockHttpServletRequestBuilder@4720501a method=POST url=/notes contextPath= servletPath= pathInfo=/notes secure=null principal=null session=null characterEncoding=null content=[123, 10, 32, 32, 32, 32, 32, 32, 32, 32, 32, 32, 32, 32, 32, 32, 32, 32, 32, 32, 32, 32, 32, 32, 32, 32, 32, 32, 32, 32, 32, 32, 32, 32, 32, 32, 32, 32, 32, 32, 32, 32, 32, 32, 32, 32, 34, 99, 111, 110, 116, 101, 110, 116, 34, 58, 32, 34, 116, 101, 115, 116, 45, 99, 111, 110, 116, 101, 110, 116, 34, 10, 32, 32, 32, 32, 32, 32, 32, 32, 32, 32, 32, 32, 32, 32, 32, 32, 32, 32, 32, 32, 32, 32, 32, 32, 32, 32, 32, 32, 32, 32, 32, 32, 32, 32, 32, 32, 32, 32, 32, 32, 125] contentType=application/json headers=[:] parameters=[:] queryParams=[:] cookies=[] locales=[] requestAttributes=[:] sessionAttributes=[:] flashAttributes=[:] postProcessors=[org.springframework.security.test.web.servlet.request.SecurityMockMvcRequestPostProcessors$TestSecurityContextHolderPostProcessor@7b41d238]&gt;&#10;|       |       &lt;org.springframework.test.web.servlet.request.MockHttpServletRequestBuilder@4720501a method=POST url=/notes contextPath= servletPath= pathInfo=/notes secure=null principal=null session=null characterEncoding=null content=[123, 10, 32, 32, 32, 32, 32, 32, 32, 32, 32, 32, 32, 32, 32, 32, 32, 32, 32, 32, 32, 32, 32, 32, 32, 32, 32, 32, 32, 32, 32, 32, 32, 32, 32, 32, 32, 32, 32, 32, 32, 32, 32, 32, 32, 32, 34, 99, 111, 110, 116, 101, 110, 116, 34, 58, 32, 34, 116, 101, 115, 116, 45, 99, 111, 110, 116, 101, 110, 116, 34, 10, 32, 32, 32, 32, 32, 32, 32, 32, 32, 32, 32, 32, 32, 32, 32, 32, 32, 32, 32, 32, 32, 32, 32, 32, 32, 32, 32, 32, 32, 32, 32, 32, 32, 32, 32, 32, 32, 32, 32, 32, 125] contentType=application/json headers=[:] parameters=[:] queryParams=[:] cookies=[] locales=[] requestAttributes=[:] sessionAttributes=[:] flashAttributes=[:] postProcessors=[org.springframework.security.test.web.servlet.request.SecurityMockMvcRequestPostProcessors$TestSecurityContextHolderPostProcessor@7b41d238]&gt;&#10;|       &lt;org.springframework.test.web.servlet.MockMvc$1@dfb530b val$mvcResult=org.springframework.test.web.servlet.DefaultMvcResult@3f35059f this$0=org.springframework.test.web.servlet.MockMvc@2046eec2&gt;&#10;&lt;org.springframework.test.web.servlet.MockMvc@2046eec2 servlet=org.springframework.test.web.servlet.TestDispatcherServlet@fe5475 filters=[org.springframework.boot.web.servlet.filter.OrderedCharacterEncodingFilter@6c5eaeb7, org.springframework.boot.web.servlet.filter.OrderedFormContentFilter@67807d54, org.springframework.boot.web.servlet.filter.OrderedRequestContextFilter@2aa481b8, org.springframework.boot.web.servlet.DelegatingFilterProxyRegistrationBean$1@233311fe, org.springframework.boot.web.servlet.filter.ErrorPageSecurityFilter@776faa56] servletContext=org.springframework.boot.test.mock.web.SpringBootMockServletContext@4ec661c7 defaultRequestBuilder=org.springframework.test.web.servlet.request.MockHttpServletRequestBuilder@ad23263 defaultResponseCharacterEncoding=null defaultResultMatchers=[] defaultResultHandlers=[org.springframework.boot.test.autoconfigure.web.servlet.SpringBootMockMvcBuilderCustomizer$LinesWritingResultHandler@33203b90]&gt;&#10;" type="org.spockframework.runtime.ConditionFailedWithExceptionError">Condition failed with Exception:

mockMvc.perform(post(&quot;/notes&quot;) .contentType(MediaType.APPLICATION_JSON) .content(requestBody))
|       |       |               |           |         |                  |       |
|       |       |               |           |         application/json   |       {
|       |       |               |           |                            |                                                   &quot;content&quot;: &quot;test-content&quot;
|       |       |               |           |                            |                                               }
|       |       |               |           |                            &lt;org.springframework.test.web.servlet.request.MockHttpServletRequestBuilder@4720501a method=POST url=/notes contextPath= servletPath= pathInfo=/notes secure=null principal=null session=null characterEncoding=null content=[123, 10, 32, 32, 32, 32, 32, 32, 32, 32, 32, 32, 32, 32, 32, 32, 32, 32, 32, 32, 32, 32, 32, 32, 32, 32, 32, 32, 32, 32, 32, 32, 32, 32, 32, 32, 32, 32, 32, 32, 32, 32, 32, 32, 32, 32, 34, 99, 111, 110, 116, 101, 110, 116, 34, 58, 32, 34, 116, 101, 115, 116, 45, 99, 111, 110, 116, 101, 110, 116, 34, 10, 32, 32, 32, 32, 32, 32, 32, 32, 32, 32, 32, 32, 32, 32, 32, 32, 32, 32, 32, 32, 32, 32, 32, 32, 32, 32, 32, 32, 32, 32, 32, 32, 32, 32, 32, 32, 32, 32, 32, 32, 125] contentType=application/json headers=[:] parameters=[:] queryParams=[:] cookies=[] locales=[] requestAttributes=[:] sessionAttributes=[:] flashAttributes=[:] postProcessors=[org.springframework.security.test.web.servlet.request.SecurityMockMvcRequestPostProcessors$TestSecurityContextHolderPostProcessor@7b41d238]&gt;
|       |       |               |           class org.springframework.http.MediaType
|       |       |               &lt;org.springframework.test.web.servlet.request.MockHttpServletRequestBuilder@4720501a method=POST url=/notes contextPath= servletPath= pathInfo=/notes secure=null principal=null session=null characterEncoding=null content=[123, 10, 32, 32, 32, 32, 32, 32, 32, 32, 32, 32, 32, 32, 32, 32, 32, 32, 32, 32, 32, 32, 32, 32, 32, 32, 32, 32, 32, 32, 32, 32, 32, 32, 32, 32, 32, 32, 32, 32, 32, 32, 32, 32, 32, 32, 34, 99, 111, 110, 116, 101, 110, 116, 34, 58, 32, 34, 116, 101, 115, 116, 45, 99, 111, 110, 116, 101, 110, 116, 34, 10, 32, 32, 32, 32, 32, 32, 32, 32, 32, 32, 32, 32, 32, 32, 32, 32, 32, 32, 32, 32, 32, 32, 32, 32, 32, 32, 32, 32, 32, 32, 32, 32, 32, 32, 32, 32, 32, 32, 32, 32, 125] contentType=application/json headers=[:] parameters=[:] queryParams=[:] cookies=[] locales=[] requestAttributes=[:] sessionAttributes=[:] flashAttributes=[:] postProcessors=[org.springframework.security.test.web.servlet.request.SecurityMockMvcRequestPostProcessors$TestSecurityContextHolderPostProcessor@7b41d238]&gt;
|       |       &lt;org.springframework.test.web.servlet.request.MockHttpServletRequestBuilder@4720501a method=POST url=/notes contextPath= servletPath= pathInfo=/notes secure=null principal=null session=null characterEncoding=null content=[123, 10, 32, 32, 32, 32, 32, 32, 32, 32, 32, 32, 32, 32, 32, 32, 32, 32, 32, 32, 32, 32, 32, 32, 32, 32, 32, 32, 32, 32, 32, 32, 32, 32, 32, 32, 32, 32, 32, 32, 32, 32, 32, 32, 32, 32, 34, 99, 111, 110, 116, 101, 110, 116, 34, 58, 32, 34, 116, 101, 115, 116, 45, 99, 111, 110, 116, 101, 110, 116, 34, 10, 32, 32, 32, 32, 32, 32, 32, 32, 32, 32, 32, 32, 32, 32, 32, 32, 32, 32, 32, 32, 32, 32, 32, 32, 32, 32, 32, 32, 32, 32, 32, 32, 32, 32, 32, 32, 32, 32, 32, 32, 125] contentType=application/json headers=[:] parameters=[:] queryParams=[:] cookies=[] locales=[] requestAttributes=[:] sessionAttributes=[:] flashAttributes=[:] postProcessors=[org.springframework.security.test.web.servlet.request.SecurityMockMvcRequestPostProcessors$TestSecurityContextHolderPostProcessor@7b41d238]&gt;
|       &lt;org.springframework.test.web.servlet.MockMvc$1@dfb530b val$mvcResult=org.springframework.test.web.servlet.DefaultMvcResult@3f35059f this$0=org.springframework.test.web.servlet.MockMvc@2046eec2&gt;
&lt;org.springframework.test.web.servlet.MockMvc@2046eec2 servlet=org.springframework.test.web.servlet.TestDispatcherServlet@fe5475 filters=[org.springframework.boot.web.servlet.filter.OrderedCharacterEncodingFilter@6c5eaeb7, org.springframework.boot.web.servlet.filter.OrderedFormContentFilter@67807d54, org.springframework.boot.web.servlet.filter.OrderedRequestContextFilter@2aa481b8, org.springframework.boot.web.servlet.DelegatingFilterProxyRegistrationBean$1@233311fe, org.springframework.boot.web.servlet.filter.ErrorPageSecurityFilter@776faa56] servletContext=org.springframework.boot.test.mock.web.SpringBootMockServletContext@4ec661c7 defaultRequestBuilder=org.springframework.test.web.servlet.request.MockHttpServletRequestBuilder@ad23263 defaultResponseCharacterEncoding=null defaultResultMatchers=[] defaultResultHandlers=[org.springframework.boot.test.autoconfigure.web.servlet.SpringBootMockMvcBuilderCustomizer$LinesWritingResultHandler@33203b90]&gt;

	at com.interfaces.NoteControllerUT.Should return status 201 CREATED when adding new note(NoteControllerUT.groovy:65)
Caused by: java.lang.AssertionError: Status expected:&lt;201&gt; but was:&lt;403&gt;
	at org.springframework.test.util.AssertionErrors.fail(AssertionErrors.java:59)
	at org.springframework.test.util.AssertionErrors.assertEquals(AssertionErrors.java:122)
	at org.springframework.test.web.servlet.result.StatusResultMatchers.lambda$matcher$9(StatusResultMatchers.java:627)
	at org.springframework.test.web.servlet.MockMvc$1.andExpect(MockMvc.java:212)
	at com.interfaces.NoteControllerUT.Should return status 201 CREATED when adding new note(NoteControllerUT.groovy:63)
</failure>
  </testcase>
  <system-out><![CDATA[17:47:15.185 [Test worker] DEBUG org.springframework.test.context.support.AbstractDirtiesContextTestExecutionListener - Before test class: context [DefaultTestContext@29b78908 testClass = NoteControllerUT, testInstance = [null], testMethod = [null], testException = [null], mergedContextConfiguration = [WebMergedContextConfiguration@3639b0a3 testClass = NoteControllerUT, locations = '{}', classes = '{class com.interfaces.NoteController, class com.interfaces.NoteDtoFactory}', contextInitializerClasses = '[]', activeProfiles = '{}', propertySourceLocations = '{}', propertySourceProperties = '{org.springframework.boot.test.autoconfigure.web.servlet.WebMvcTestContextBootstrapper=true}', contextCustomizers = set[org.spockframework.spring.mock.SpockContextCustomizer@1c57db7a, org.springframework.boot.test.autoconfigure.OverrideAutoConfigurationContextCustomizerFactory$DisableAutoConfigurationContextCustomizer@4d722cb8, org.springframework.boot.test.autoconfigure.actuate.metrics.MetricsExportContextCustomizerFactory$DisableMetricExportContextCustomizer@5643e5cc, org.springframework.boot.test.autoconfigure.filter.TypeExcludeFiltersContextCustomizer@2cc29b73, org.springframework.boot.test.autoconfigure.properties.PropertyMappingContextCustomizer@e02a2276, org.springframework.boot.test.autoconfigure.web.servlet.WebDriverContextCustomizerFactory$Customizer@5973d1f9, [ImportsContextCustomizer@680c8d9f key = [org.springframework.boot.autoconfigure.cache.CacheAutoConfiguration, org.springframework.boot.autoconfigure.context.MessageSourceAutoConfiguration, org.springframework.boot.autoconfigure.data.web.SpringDataWebAutoConfiguration, org.springframework.boot.autoconfigure.freemarker.FreeMarkerAutoConfiguration, org.springframework.boot.autoconfigure.groovy.template.GroovyTemplateAutoConfiguration, org.springframework.boot.autoconfigure.gson.GsonAutoConfiguration, org.springframework.boot.autoconfigure.hateoas.HypermediaAutoConfiguration, org.springframework.boot.autoconfigure.http.HttpMessageConvertersAutoConfiguration, org.springframework.boot.autoconfigure.jackson.JacksonAutoConfiguration, org.springframework.boot.autoconfigure.jsonb.JsonbAutoConfiguration, org.springframework.boot.autoconfigure.mustache.MustacheAutoConfiguration, org.springframework.boot.autoconfigure.task.TaskExecutionAutoConfiguration, org.springframework.boot.autoconfigure.thymeleaf.ThymeleafAutoConfiguration, org.springframework.boot.autoconfigure.validation.ValidationAutoConfiguration, org.springframework.boot.autoconfigure.web.servlet.error.ErrorMvcAutoConfiguration, org.springframework.boot.autoconfigure.web.servlet.HttpEncodingAutoConfiguration, org.springframework.boot.autoconfigure.web.servlet.WebMvcAutoConfiguration, org.springframework.boot.test.autoconfigure.web.servlet.MockMvcAutoConfiguration, org.springframework.boot.test.autoconfigure.web.servlet.MockMvcWebClientAutoConfiguration, org.springframework.boot.test.autoconfigure.web.servlet.MockMvcWebDriverAutoConfiguration, org.springframework.boot.autoconfigure.security.oauth2.client.servlet.OAuth2ClientAutoConfiguration, org.springframework.boot.autoconfigure.security.oauth2.resource.servlet.OAuth2ResourceServerAutoConfiguration, org.springframework.boot.autoconfigure.security.servlet.SecurityAutoConfiguration, org.springframework.boot.autoconfigure.security.servlet.SecurityFilterAutoConfiguration, org.springframework.boot.autoconfigure.security.servlet.UserDetailsServiceAutoConfiguration, org.springframework.boot.test.autoconfigure.web.servlet.MockMvcSecurityConfiguration, org.springframework.boot.test.autoconfigure.web.reactive.WebTestClientAutoConfiguration]], org.springframework.boot.test.context.filter.ExcludeFilterContextCustomizer@7e1035d4, org.springframework.boot.test.json.DuplicateJsonObjectContextCustomizerFactory$DuplicateJsonObjectContextCustomizer@68d8cb9b, org.springframework.boot.test.mock.mockito.MockitoContextCustomizer@0, org.springframework.boot.test.context.SpringBootTestArgs@1, org.springframework.boot.test.context.SpringBootTestWebEnvironment@0], resourceBasePath = 'src/main/webapp', contextLoader = 'org.springframework.boot.test.context.SpringBootContextLoader', parent = [null]], attributes = map[[empty]]], class annotated with @DirtiesContext [false] with mode [null].
17:47:15.961 [Test worker] DEBUG org.springframework.test.context.support.DependencyInjectionTestExecutionListener - Performing dependency injection for test context [[DefaultTestContext@29b78908 testClass = NoteControllerUT, testInstance = com.interfaces.NoteControllerUT@4df06a67, testMethod = [null], testException = [null], mergedContextConfiguration = [WebMergedContextConfiguration@3639b0a3 testClass = NoteControllerUT, locations = '{}', classes = '{class com.interfaces.NoteController, class com.interfaces.NoteDtoFactory}', contextInitializerClasses = '[]', activeProfiles = '{}', propertySourceLocations = '{}', propertySourceProperties = '{org.springframework.boot.test.autoconfigure.web.servlet.WebMvcTestContextBootstrapper=true}', contextCustomizers = set[org.spockframework.spring.mock.SpockContextCustomizer@1c57db7a, org.springframework.boot.test.autoconfigure.OverrideAutoConfigurationContextCustomizerFactory$DisableAutoConfigurationContextCustomizer@4d722cb8, org.springframework.boot.test.autoconfigure.actuate.metrics.MetricsExportContextCustomizerFactory$DisableMetricExportContextCustomizer@5643e5cc, org.springframework.boot.test.autoconfigure.filter.TypeExcludeFiltersContextCustomizer@2cc29b73, org.springframework.boot.test.autoconfigure.properties.PropertyMappingContextCustomizer@e02a2276, org.springframework.boot.test.autoconfigure.web.servlet.WebDriverContextCustomizerFactory$Customizer@5973d1f9, [ImportsContextCustomizer@680c8d9f key = [org.springframework.boot.autoconfigure.cache.CacheAutoConfiguration, org.springframework.boot.autoconfigure.context.MessageSourceAutoConfiguration, org.springframework.boot.autoconfigure.data.web.SpringDataWebAutoConfiguration, org.springframework.boot.autoconfigure.freemarker.FreeMarkerAutoConfiguration, org.springframework.boot.autoconfigure.groovy.template.GroovyTemplateAutoConfiguration, org.springframework.boot.autoconfigure.gson.GsonAutoConfiguration, org.springframework.boot.autoconfigure.hateoas.HypermediaAutoConfiguration, org.springframework.boot.autoconfigure.http.HttpMessageConvertersAutoConfiguration, org.springframework.boot.autoconfigure.jackson.JacksonAutoConfiguration, org.springframework.boot.autoconfigure.jsonb.JsonbAutoConfiguration, org.springframework.boot.autoconfigure.mustache.MustacheAutoConfiguration, org.springframework.boot.autoconfigure.task.TaskExecutionAutoConfiguration, org.springframework.boot.autoconfigure.thymeleaf.ThymeleafAutoConfiguration, org.springframework.boot.autoconfigure.validation.ValidationAutoConfiguration, org.springframework.boot.autoconfigure.web.servlet.error.ErrorMvcAutoConfiguration, org.springframework.boot.autoconfigure.web.servlet.HttpEncodingAutoConfiguration, org.springframework.boot.autoconfigure.web.servlet.WebMvcAutoConfiguration, org.springframework.boot.test.autoconfigure.web.servlet.MockMvcAutoConfiguration, org.springframework.boot.test.autoconfigure.web.servlet.MockMvcWebClientAutoConfiguration, org.springframework.boot.test.autoconfigure.web.servlet.MockMvcWebDriverAutoConfiguration, org.springframework.boot.autoconfigure.security.oauth2.client.servlet.OAuth2ClientAutoConfiguration, org.springframework.boot.autoconfigure.security.oauth2.resource.servlet.OAuth2ResourceServerAutoConfiguration, org.springframework.boot.autoconfigure.security.servlet.SecurityAutoConfiguration, org.springframework.boot.autoconfigure.security.servlet.SecurityFilterAutoConfiguration, org.springframework.boot.autoconfigure.security.servlet.UserDetailsServiceAutoConfiguration, org.springframework.boot.test.autoconfigure.web.servlet.MockMvcSecurityConfiguration, org.springframework.boot.test.autoconfigure.web.reactive.WebTestClientAutoConfiguration]], org.springframework.boot.test.context.filter.ExcludeFilterContextCustomizer@7e1035d4, org.springframework.boot.test.json.DuplicateJsonObjectContextCustomizerFactory$DuplicateJsonObjectContextCustomizer@68d8cb9b, org.springframework.boot.test.mock.mockito.MockitoContextCustomizer@0, org.springframework.boot.test.context.SpringBootTestArgs@1, org.springframework.boot.test.context.SpringBootTestWebEnvironment@0], resourceBasePath = 'src/main/webapp', contextLoader = 'org.springframework.boot.test.context.SpringBootContextLoader', parent = [null]], attributes = map['org.springframework.test.context.event.ApplicationEventsTestExecutionListener.recordApplicationEvents' -> false]]].

  .   ____          _            __ _ _
 /\\ / ___'_ __ _ _(_)_ __  __ _ \ \ \ \
( ( )\___ | '_ | '_| | '_ \/ _` | \ \ \ \
 \\/  ___)| |_)| | | | | || (_| |  ) ) ) )
  '  |____| .__|_| |_|_| |_\__, | / / / /
 =========|_|==============|___/=/_/_/_/
 :: Spring Boot ::                (v2.6.3)

2022-02-23 17:47:16.823  INFO 11199 --- [    Test worker] com.interfaces.NoteControllerUT          : Starting NoteControllerUT using Java 11.0.14 on aleksandras-macbook-pro.home with PID 11199 (started by aleksandrabrogowska in /Users/aleksandrabrogowska/IdeaProjects/notes-viewer)
2022-02-23 17:47:16.831  INFO 11199 --- [    Test worker] com.interfaces.NoteControllerUT          : No active profile set, falling back to default profiles: default
2022-02-23 17:47:20.037  WARN 11199 --- [    Test worker] .b.a.g.t.GroovyTemplateAutoConfiguration : Cannot find template location: classpath:/templates/ (please add some templates, check your Groovy configuration, or set spring.groovy.template.check-template-location=false)
2022-02-23 17:47:20.813  INFO 11199 --- [    Test worker] o.s.s.web.DefaultSecurityFilterChain     : Will secure any request with [org.springframework.security.web.context.request.async.WebAsyncManagerIntegrationFilter@47f793ce, org.springframework.security.web.context.SecurityContextPersistenceFilter@32f248b2, org.springframework.security.web.header.HeaderWriterFilter@7b753fea, org.springframework.security.web.csrf.CsrfFilter@7eae1f78, org.springframework.security.web.authentication.logout.LogoutFilter@fb7901c, org.springframework.security.web.authentication.UsernamePasswordAuthenticationFilter@49846529, org.springframework.security.web.authentication.ui.DefaultLoginPageGeneratingFilter@14b60b24, org.springframework.security.web.authentication.ui.DefaultLogoutPageGeneratingFilter@7e470dbe, org.springframework.security.web.authentication.www.BasicAuthenticationFilter@36a51015, org.springframework.security.web.savedrequest.RequestCacheAwareFilter@7a0b7242, org.springframework.security.web.servletapi.SecurityContextHolderAwareRequestFilter@5a9c0269, org.springframework.security.web.authentication.AnonymousAuthenticationFilter@607c9fdb, org.springframework.security.web.session.SessionManagementFilter@49065c75, org.springframework.security.web.access.ExceptionTranslationFilter@6afe4682, org.springframework.security.web.access.intercept.FilterSecurityInterceptor@7c9c037]
2022-02-23 17:47:20.976  INFO 11199 --- [    Test worker] o.s.b.t.m.w.SpringBootMockServletContext : Initializing Spring TestDispatcherServlet ''
2022-02-23 17:47:20.976  INFO 11199 --- [    Test worker] o.s.t.web.servlet.TestDispatcherServlet  : Initializing Servlet ''
2022-02-23 17:47:20.980  INFO 11199 --- [    Test worker] o.s.t.web.servlet.TestDispatcherServlet  : Completed initialization in 4 ms
2022-02-23 17:47:21.024  INFO 11199 --- [    Test worker] com.interfaces.NoteControllerUT          : Started NoteControllerUT in 5.014 seconds (JVM running for 10.155)

MockHttpServletRequest:
      HTTP Method = POST
      Request URI = /notes
       Parameters = {}
          Headers = [Content-Type:"application/json;charset=UTF-8", Content-Length:"113"]
             Body = {
                                            "content": "test-content"
                                        }
    Session Attrs = {org.springframework.security.web.csrf.HttpSessionCsrfTokenRepository.CSRF_TOKEN=org.springframework.security.web.csrf.DefaultCsrfToken@41fb5e5e}

Handler:
             Type = null

Async:
    Async started = false
     Async result = null

Resolved Exception:
             Type = null

ModelAndView:
        View name = null
             View = null
            Model = null

FlashMap:
       Attributes = null

MockHttpServletResponse:
           Status = 403
    Error message = Forbidden
          Headers = [X-Content-Type-Options:"nosniff", X-XSS-Protection:"1; mode=block", Cache-Control:"no-cache, no-store, max-age=0, must-revalidate", Pragma:"no-cache", Expires:"0", X-Frame-Options:"DENY"]
     Content type = null
             Body = 
    Forwarded URL = null
   Redirected URL = null
          Cookies = []
]]></system-out>
  <system-err><![CDATA[]]></system-err>
</testsuite>
